app/build/intermediates/manifest_merge_blame_file/release/manifest-merger-blame-release-report.txt
1<?xml version="1.0" encoding="utf-8"?>
2<manifest xmlns:android="http://schemas.android.com/apk/res/android"
3    package="com.example.testxposed"
4    android:versionCode="1"
5    android:versionName="1.0" >
6
7    <uses-sdk
7-->src\main\AndroidManifest.xml:4:5-73
8        android:minSdkVersion="16"
8-->src\main\AndroidManifest.xml:4:15-41
9        android:targetSdkVersion="30" />
9-->src\main\AndroidManifest.xml:4:42-71
10
11    <application
11-->src\main\AndroidManifest.xml:5:5-9:19
12        android:allowBackup="true"
12-->src\main\AndroidManifest.xml:5:91-117
13        android:appComponentFactory="androidx.core.app.CoreComponentFactory"
13-->[androidx.core:core:1.3.1] AndroidManifest.xml:24:18-86
14        android:label="@string/app_name"
14-->src\main\AndroidManifest.xml:5:58-90
15        android:theme="@style/Theme.TestXposed" >
15-->src\main\AndroidManifest.xml:5:18-57
16        <meta-data
16-->src\main\AndroidManifest.xml:6:9-70
17            android:name="xposedmodule"
17-->src\main\AndroidManifest.xml:6:20-47
18            android:value="true" />
18-->src\main\AndroidManifest.xml:6:48-68
19        <meta-data
19-->src\main\AndroidManifest.xml:7:9-72
20            android:name="xposedminversion"
20-->src\main\AndroidManifest.xml:7:20-51
21            android:value="30" />
21-->src\main\AndroidManifest.xml:7:52-70
22        <meta-data
22-->src\main\AndroidManifest.xml:8:9-78
23            android:name="xposeddescription"
23-->src\main\AndroidManifest.xml:8:20-52
24            android:value="mr-test" />
24-->src\main\AndroidManifest.xml:8:53-76
25    </application>
26
27</manifest>